[    0.000000] Linux version 4.15.0-212-generic (buildd@lcy02-amd64-083) (gcc version 7.5.0 (Ubuntu 7.5.0-3ubuntu1~18.04)) #223-Ubuntu SMP Tue May 23 13:09:22 UTC 2023 (Ubuntu 4.15.0-212.223-generic 4.15.18)
[    0.000000] Command line: BOOT_IMAGE=/boot/vmlinuz-4.15.0-212-generic root=LABEL=cloudimg-rootfs ro console=tty1 console=ttyS0
[    0.000000] KERNEL supported cpus:
[    0.000000]   Intel GenuineIntel
[    0.000000]   AMD AuthenticAMD
[    0.000000]   Centaur CentaurHauls
[    0.000000] x86/fpu: x87 FPU will use FXSAVE
[    0.000000] e820: BIOS-provided physical RAM map:
[    0.000000] BIOS-e820: [mem 0x0000000000000000-0x000000000009fbff] usable
[    0.000000] BIOS-e820: [mem 0x000000000009fc00-0x000000000009ffff] reserved
[    0.000000] BIOS-e820: [mem 0x00000000000f0000-0x00000000000fffff] reserved
[    0.000000] BIOS-e820: [mem 0x0000000000100000-0x000000003ffeffff] usable
[    0.000000] BIOS-e820: [mem 0x000000003fff0000-0x000000003fffffff] ACPI data
[    0.000000] BIOS-e820: [mem 0x00000000fec00000-0x00000000fec00fff] reserved
[    0.000000] BIOS-e820: [mem 0x00000000fee00000-0x00000000fee00fff] reserved
[    0.000000] BIOS-e820: [mem 0x00000000fffc0000-0x00000000ffffffff] reserved
[    0.000000] NX (Execute Disable) protection: active
[    0.000000] SMBIOS 2.5 present.
[    0.000000] DMI: innotek GmbH VirtualBox/VirtualBox, BIOS VirtualBox 12/01/2006
[    0.000000] Hypervisor detected: KVM
[    0.000000] e820: last_pfn = 0x3fff0 max_arch_pfn = 0x400000000
[    0.000000] MTRR: Disabled
[    0.000000] x86/PAT: MTRRs disabled, skipping PAT initialization too.
[    0.000000] CPU MTRRs all blank - virtualized system.
[    0.000000] x86/PAT: Configuration [0-7]: WB  WT  UC- UC  WB  WT  UC- UC  
[    0.000000] found SMP MP-table at [mem 0x0009fff0-0x0009ffff]
[    0.000000] Scanning 1 areas for low memory corruption
[    0.000000] RAMDISK: [mem 0x359cb000-0x36cdcfff]
[    0.000000] ACPI: Early table checksum verification disabled
[    0.000000] ACPI: RSDP 0x00000000000E0000 000024 (v02 VBOX  )
[    0.000000] ACPI: XSDT 0x000000003FFF0030 00003C (v01 VBOX   VBOXXSDT 00000001 ASL  00000061)
[    0.000000] ACPI: FACP 0x000000003FFF00F0 0000F4 (v04 VBOX   VBOXFACP 00000001 ASL  00000061)
[    0.000000] ACPI: DSDT 0x000000003FFF0610 002353 (v02 VBOX   VBOXBIOS 00000002 INTL 20100528)
[    0.000000] ACPI: FACS 0x000000003FFF0200 000040
[    0.000000] ACPI: FACS 0x000000003FFF0200 000040
[    0.000000] ACPI: APIC 0x000000003FFF0240 00005C (v02 VBOX   VBOXAPIC 00000001 ASL  00000061)
[    0.000000] ACPI: SSDT 0x000000003FFF02A0 00036C (v01 VBOX   VBOXCPUT 00000002 INTL 20100528)
[    0.000000] ACPI: Reserving FACP table memory at [mem 0x3fff00f0-0x3fff01e3]
[    0.000000] ACPI: Reserving DSDT table memory at [mem 0x3fff0610-0x3fff2962]
[    0.000000] ACPI: Reserving FACS table memory at [mem 0x3fff0200-0x3fff023f]
[    0.000000] ACPI: Reserving FACS table memory at [mem 0x3fff0200-0x3fff023f]
[    0.000000] ACPI: Reserving APIC table memory at [mem 0x3fff0240-0x3fff029b]
[    0.000000] ACPI: Reserving SSDT table memory at [mem 0x3fff02a0-0x3fff060b]
[    0.000000] No NUMA configuration found
[    0.000000] Faking a node at [mem 0x0000000000000000-0x000000003ffeffff]
[    0.000000] NODE_DATA(0) allocated [mem 0x3ffc5000-0x3ffeffff]
[    0.000000] kvm-clock: cpu 0, msr 0:3ff44001, primary cpu clock
[    0.000000] kvm-clock: Using msrs 4b564d01 and 4b564d00
[    0.000000] kvm-clock: using sched offset of 8243784551 cycles
[    0.000000] clocksource: kvm-clock: mask: 0xffffffffffffffff max_cycles: 0x1cd42e4dffb, max_idle_ns: 881590591483 ns
[    0.000000] Zone ranges:
[    0.000000]   DMA      [mem 0x0000000000001000-0x0000000000ffffff]
[    0.000000]   DMA32    [mem 0x0000000001000000-0x000000003ffeffff]
[    0.000000]   Normal   empty
[    0.000000]   Device   empty
[    0.000000] Movable zone start for each node
[    0.000000] Early memory node ranges
[    0.000000]   node   0: [mem 0x0000000000001000-0x000000000009efff]
[    0.000000]   node   0: [mem 0x0000000000100000-0x000000003ffeffff]
[    0.000000] Reserved but unavailable: 104 pages
[    0.000000] Initmem setup node 0 [mem 0x0000000000001000-0x000000003ffeffff]
[    0.000000] ACPI: PM-Timer IO Port: 0x4008
[    0.000000] IOAPIC[0]: apic_id 2, version 32, address 0xfec00000, GSI 0-23
[    0.000000] ACPI: INT_SRC_OVR (bus 0 bus_irq 0 global_irq 2 dfl dfl)
[    0.000000] ACPI: INT_SRC_OVR (bus 0 bus_irq 9 global_irq 9 low level)
[    0.000000] Using ACPI (MADT) for SMP configuration information
[    0.000000] smpboot: Allowing 2 CPUs, 0 hotplug CPUs
[    0.000000] PM: Registered nosave memory: [mem 0x00000000-0x00000fff]
[    0.000000] PM: Registered nosave memory: [mem 0x0009f000-0x0009ffff]
[    0.000000] PM: Registered nosave memory: [mem 0x000a0000-0x000effff]
[    0.000000] PM: Registered nosave memory: [mem 0x000f0000-0x000fffff]
[    0.000000] e820: [mem 0x40000000-0xfebfffff] available for PCI devices
[    0.000000] Booting paravirtualized kernel on KVM
[    0.000000] clocksource: refined-jiffies: mask: 0xffffffff max_cycles: 0xffffffff, max_idle_ns: 7645519600211568 ns
[    0.000000] setup_percpu: NR_CPUS:8192 nr_cpumask_bits:2 nr_cpu_ids:2 nr_node_ids:1
[    0.000000] percpu: Embedded 50 pages/cpu s167936 r8192 d28672 u1048576
[    0.000000] PV qspinlock hash table entries: 256 (order: 0, 4096 bytes)
[    0.000000] Built 1 zonelists, mobility grouping on.  Total pages: 257913
[    0.000000] Policy zone: DMA32
[    0.000000] Kernel command line: BOOT_IMAGE=/boot/vmlinuz-4.15.0-212-generic root=LABEL=cloudimg-rootfs ro console=tty1 console=ttyS0
[    0.000000] Memory: 982644K/1048120K available (12300K kernel code, 2477K rwdata, 4324K rodata, 2480K init, 2720K bss, 65476K reserved, 0K cma-reserved)
[    0.000000] SLUB: HWalign=64, Order=0-3, MinObjects=0, CPUs=2, Nodes=1
[    0.000000] ftrace: allocating 39508 entries in 155 pages
[    0.004000] Hierarchical RCU implementation.
[    0.004000] 	RCU restricting CPUs from NR_CPUS=8192 to nr_cpu_ids=2.
[    0.004000] 	Tasks RCU enabled.
[    0.004000] RCU: Adjusting geometry for rcu_fanout_leaf=16, nr_cpu_ids=2
[    0.004000] NR_IRQS: 524544, nr_irqs: 440, preallocated irqs: 16
[    0.004000] random: crng init done
[    0.004000] Console: colour VGA+ 80x25
[    0.004000] console [tty1] enabled
[    0.004000] console [ttyS0] enabled
[    0.004000] ACPI: Core revision 20170831
[    0.004000] ACPI: 2 ACPI AML tables successfully acquired and loaded
[    0.004000] APIC: Switch to symmetric I/O mode setup
[    0.008000] ..TIMER: vector=0x30 apic1=0 pin1=2 apic2=-1 pin2=-1
[    0.008021] tsc: Detected 2496.006 MHz processor
[    0.012025] Calibrating delay loop (skipped) preset value.. 4992.01 BogoMIPS (lpj=9984024)
[    0.016014] pid_max: default: 32768 minimum: 301
[    0.020347] Security Framework initialized
[    0.024017] Yama: becoming mindful.
[    0.028457] AppArmor: AppArmor initialized
[    0.053466] Dentry cache hash table entries: 131072 (order: 8, 1048576 bytes)
[    0.073779] Inode-cache hash table entries: 65536 (order: 7, 524288 bytes)
[    0.080310] Mount-cache hash table entries: 2048 (order: 2, 16384 bytes)
[    0.084349] Mountpoint-cache hash table entries: 2048 (order: 2, 16384 bytes)
[    0.098686] Last level iTLB entries: 4KB 0, 2MB 0, 4MB 0
[    0.100014] Last level dTLB entries: 4KB 0, 2MB 0, 4MB 0, 1GB 0
[    0.108018] Spectre V1 : Mitigation: usercopy/swapgs barriers and __user pointer sanitization
[    0.112030] Spectre V2 : Mitigation: Enhanced IBRS
[    0.116018] Spectre V2 : Spectre v2 / SpectreRSB mitigation: Filling RSB on context switch
[    0.120017] Spectre V2 : Spectre v2 / PBRSB-eIBRS: Retire a single CALL on VMEXIT
[    0.124013] RETBleed: Mitigation: Enhanced IBRS
[    0.128013] Speculative Store Bypass: Vulnerable
[    0.133069] Freeing SMP alternatives memory: 36K
[    0.266293] APIC calibration not consistent with PM-Timer: 101ms instead of 100ms
[    0.268000] APIC delta adjusted to PM-Timer: 6289704 (6367246)
[    0.269656] smpboot: CPU0: 12th Gen Intel(R) Core(TM) i5-1235U (family: 0x6, model: 0x9a, stepping: 0x4)
[    0.272000] Performance Events: unsupported p6 CPU model 154 no PMU driver, software events only.
[    0.276555] Hierarchical SRCU implementation.
[    0.286379] NMI watchdog: Perf event create on CPU 0 failed with -2
[    0.288249] NMI watchdog: Perf NMI watchdog permanently disabled
[    0.293326] smp: Bringing up secondary CPUs ...
[    0.301819] x86: Booting SMP configuration:
[    0.304018] .... node  #0, CPUs:      #1
[    0.004000] kvm-clock: cpu 1, msr 0:3ff44041, secondary cpu clock
[    0.362430] TSC synchronization [CPU#0 -> CPU#1]:
[    0.364000] Measured 379415 cycles TSC warp between CPUs, turning off TSC clock.
[    0.364000] tsc: Marking TSC unstable due to check_tsc_sync_source failed
[    0.369076] smp: Brought up 1 node, 2 CPUs
[    0.372032] smpboot: Max logical packages: 1
[    0.376029] smpboot: Total of 2 processors activated (9984.02 BogoMIPS)
[    0.392556] devtmpfs: initialized
[    0.396456] x86/mm: Memory block size: 128MB
[    0.404145] evm: security.selinux
[    0.408019] evm: security.SMACK64
[    0.412014] evm: security.SMACK64EXEC
[    0.416022] evm: security.SMACK64TRANSMUTE
[    0.420018] evm: security.SMACK64MMAP
[    0.424016] evm: security.apparmor
[    0.428013] evm: security.ima
[    0.432011] evm: security.capability
[    0.445143] clocksource: jiffies: mask: 0xffffffff max_cycles: 0xffffffff, max_idle_ns: 7645041785100000 ns
[    0.448059] futex hash table entries: 512 (order: 3, 32768 bytes)
[    0.456050] pinctrl core: initialized pinctrl subsystem
[    0.464014] RTC time:  3:05:22, date: 08/08/24
[    0.474159] NET: Registered protocol family 16
[    0.480061] audit: initializing netlink subsys (disabled)
[    0.484983] audit: type=2000 audit(1723086328.227:1): state=initialized audit_enabled=0 res=1
[    0.532035] cpuidle: using governor ladder
[    0.536065] cpuidle: using governor menu
[    0.540307] ACPI: bus type PCI registered
[    0.544016] acpiphp: ACPI Hot Plug PCI Controller Driver version: 0.5
[    0.554601] PCI: Using configuration type 1 for base access
[    0.581332] HugeTLB registered 2.00 MiB page size, pre-allocated 0 pages
[    0.613222] ACPI: Added _OSI(Module Device)
[    0.616023] ACPI: Added _OSI(Processor Device)
[    0.620024] ACPI: Added _OSI(3.0 _SCP Extensions)
[    0.624014] ACPI: Added _OSI(Processor Aggregator Device)
[    0.628023] ACPI: Added _OSI(Linux-Dell-Video)
[    0.632018] ACPI: Added _OSI(Linux-Lenovo-NV-HDMI-Audio)
[    0.636021] ACPI: Added _OSI(Linux-HPI-Hybrid-Graphics)
[    0.647149] ACPI: Executed 1 blocks of module-level executable AML code
[    0.665481] ACPI: Interpreter enabled
[    0.668051] ACPI: (supports S0 S5)
[    0.672013] ACPI: Using IOAPIC for interrupt routing
[    0.680707] PCI: Using host bridge windows from ACPI; if necessary, use "pci=nocrs" and report a bug
[    0.685928] ACPI: Enabled 2 GPEs in block 00 to 07
[    0.739103] ACPI: PCI Root Bridge [PCI0] (domain 0000 [bus 00-ff])
[    0.740070] acpi PNP0A03:00: _OSC: OS supports [ASPM ClockPM Segments MSI]
[    0.749240] acpi PNP0A03:00: _OSC: not requesting OS control; OS requires [ExtendedConfig ASPM ClockPM MSI]
[    0.752073] acpi PNP0A03:00: fail to add MMCONFIG information, can't access extended PCI configuration space under this bridge.
[    0.764817] PCI host bridge to bus 0000:00
[    0.768025] pci_bus 0000:00: root bus resource [io  0x0000-0x0cf7 window]
[    0.772024] pci_bus 0000:00: root bus resource [io  0x0d00-0xffff window]
[    0.776026] pci_bus 0000:00: root bus resource [mem 0x000a0000-0x000bffff window]
[    0.784035] pci_bus 0000:00: root bus resource [mem 0x40000000-0xfdffffff window]
[    0.788034] pci_bus 0000:00: root bus resource [bus 00-ff]
[    0.830932] pci 0000:00:01.1: legacy IDE quirk: reg 0x10: [io  0x01f0-0x01f7]
[    0.832025] pci 0000:00:01.1: legacy IDE quirk: reg 0x14: [io  0x03f6]
[    0.836030] pci 0000:00:01.1: legacy IDE quirk: reg 0x18: [io  0x0170-0x0177]
[    0.840031] pci 0000:00:01.1: legacy IDE quirk: reg 0x1c: [io  0x0376]
[    0.989534] pci 0000:00:07.0: quirk: [io  0x4000-0x403f] claimed by PIIX4 ACPI
[    0.992385] pci 0000:00:07.0: quirk: [io  0x4100-0x410f] claimed by PIIX4 SMB
[    1.056677] ACPI: PCI Interrupt Link [LNKA] (IRQs 5 9 10 *11)
[    1.064227] ACPI: PCI Interrupt Link [LNKB] (IRQs 5 9 *10 11)
[    1.068821] ACPI: PCI Interrupt Link [LNKC] (IRQs 5 *9 10 11)
[    1.077214] ACPI: PCI Interrupt Link [LNKD] (IRQs 5 9 10 *11)
[    1.084340] SCSI subsystem initialized
[    1.096319] pci 0000:00:02.0: vgaarb: setting as boot VGA device
[    1.100000] pci 0000:00:02.0: vgaarb: VGA device added: decodes=io+mem,owns=io+mem,locks=none
[    1.100038] pci 0000:00:02.0: vgaarb: bridge control possible
[    1.104023] vgaarb: loaded
[    1.108587] ACPI: bus type USB registered
[    1.112134] usbcore: registered new interface driver usbfs
[    1.116165] usbcore: registered new interface driver hub
[    1.120083] usbcore: registered new device driver usb
[    1.128401] EDAC MC: Ver: 3.0.0
[    1.140573] PCI: Using ACPI for IRQ routing
[    1.150185] NetLabel: Initializing
[    1.152017] NetLabel:  domain hash size = 128
[    1.156013] NetLabel:  protocols = UNLABELED CIPSOv4 CALIPSO
[    1.160099] NetLabel:  unlabeled traffic allowed by default
[    1.172752] clocksource: Switched to clocksource kvm-clock
[    1.389568] VFS: Disk quotas dquot_6.6.0
[    1.389568] VFS: Dquot-cache hash table entries: 512 (order 0, 4096 bytes)
[    1.441770] AppArmor: AppArmor Filesystem Enabled
[    1.444234] pnp: PnP ACPI init
[    1.476013] pnp: PnP ACPI: found 3 devices
[    1.651910] clocksource: acpi_pm: mask: 0xffffff max_cycles: 0xffffff, max_idle_ns: 2085701024 ns
[    1.713386] NET: Registered protocol family 2
[    1.716906] IP idents hash table entries: 16384 (order: 5, 131072 bytes)
[    1.797373] TCP established hash table entries: 8192 (order: 4, 65536 bytes)
[    1.833805] TCP bind hash table entries: 8192 (order: 5, 131072 bytes)
[    1.858219] TCP: Hash tables configured (established 8192 bind 8192)
[    1.902805] UDP hash table entries: 512 (order: 2, 16384 bytes)
[    1.935312] UDP-Lite hash table entries: 512 (order: 2, 16384 bytes)
[    1.938834] NET: Registered protocol family 1
[    1.938834] pci 0000:00:00.0: Limiting direct PCI/PCI transfers
[    1.938834] pci 0000:00:01.0: Activating ISA DMA hang workarounds
[    1.938834] pci 0000:00:02.0: Video device with shadowed ROM at [mem 0x000c0000-0x000dffff]
[    1.938834] Unpacking initramfs...
[    3.808234] Freeing initrd memory: 19528K
[    3.808234] clocksource: tsc: mask: 0xffffffffffffffff max_cycles: 0x23fa7cdd331, max_idle_ns: 440795301699 ns
[    3.808234] platform rtc_cmos: registered platform RTC device (no PNP device found)
[    3.808234] Scanning for low memory corruption every 60 seconds
[    4.057051] Initialise system trusted keyrings
[    4.073965] Key type blacklist registered
[    4.089086] workingset: timestamp_bits=36 max_order=18 bucket_order=0
[    4.126702] zbud: loaded
[    4.152256] squashfs: version 4.0 (2009/01/31) Phillip Lougher
[    4.201056] fuse init (API version 7.26)
[    4.410610] Key type asymmetric registered
[    4.440754] Asymmetric key parser 'x509' registered
[    4.466129] Block layer SCSI generic (bsg) driver version 0.4 loaded (major 246)
[    4.506830] io scheduler noop registered
[    4.524038] io scheduler deadline registered
[    4.542487] io scheduler cfq registered (default)
[    4.565579] ACPI: AC Adapter [AC] (on-line)
[    4.583693] input: Power Button as /devices/LNXSYSTM:00/LNXPWRBN:00/input/input0
[    4.620233] ACPI: Power Button [PWRF]
[    4.637647] input: Sleep Button as /devices/LNXSYSTM:00/LNXSLPBN:00/input/input1
[    4.667822] ACPI: Sleep Button [SLPF]
[    4.685864] Serial: 8250/16550 driver, 32 ports, IRQ sharing enabled
[    4.689701] ACPI: Battery Slot [BAT0] (battery present)
[    4.789950] 00:02: ttyS0 at I/O 0x3f8 (irq = 4, base_baud = 115200) is a 16550A
[    4.974070] Linux agpgart interface v0.103
[    5.065613] loop: module loaded
[    5.089288] scsi host0: ata_piix
[    5.107686] scsi host1: ata_piix
[    5.121761] ata1: PATA max UDMA/33 cmd 0x1f0 ctl 0x3f6 bmdma 0xd000 irq 14
[    5.166375] ata2: PATA max UDMA/33 cmd 0x170 ctl 0x376 bmdma 0xd008 irq 15
[    5.218802] tun: Universal TUN/TAP device driver, 1.6
[    5.257454] PPP generic driver version 2.4.2
[    5.287974] ehci_hcd: USB 2.0 'Enhanced' Host Controller (EHCI) Driver
[    5.313718] ehci-pci: EHCI PCI platform driver
[    5.347453] ehci-platform: EHCI generic platform driver
[    5.384064] ohci_hcd: USB 1.1 'Open' Host Controller (OHCI) Driver
[    5.428750] ohci-pci: OHCI PCI platform driver
[    5.446457] ohci-platform: OHCI generic platform driver
[    5.467129] uhci_hcd: USB Universal Host Controller Interface driver
[    5.489161] i8042: PNP: PS/2 Controller [PNP0303:PS2K,PNP0f03:PS2M] at 0x60,0x64 irq 1,12
[    5.559477] serio: i8042 KBD port at 0x60,0x64 irq 1
[    5.582671] serio: i8042 AUX port at 0x60,0x64 irq 12
[    5.608760] mousedev: PS/2 mouse device common for all mice
[    5.642583] rtc_cmos rtc_cmos: rtc core: registered rtc_cmos as rtc0
[    5.645029] input: AT Translated Set 2 keyboard as /devices/platform/i8042/serio0/input/input2
[    5.668414] rtc_cmos rtc_cmos: alarms up to one day, 114 bytes nvram
[    5.724931] i2c /dev entries driver
[    5.742786] device-mapper: uevent: version 1.0.3
[    5.766450] device-mapper: ioctl: 4.37.0-ioctl (2017-09-20) initialised: dm-devel@redhat.com
[    5.818973] ledtrig-cpu: registered to indicate activity on CPUs
[    5.868048] NET: Registered protocol family 10
[    5.930040] Segment Routing with IPv6
[    5.943018] NET: Registered protocol family 17
[    5.962272] Key type dns_resolver registered
[    5.979315] mce: Using 0 MCE banks
[    5.991385] RAS: Correctable Errors collector initialized.
[    6.022225] sched_clock: Marking stable (6021738033, 0)->(11095874008, -5074135975)
[    6.110981] registered taskstats version 1
[    6.135365] Loading compiled-in X.509 certificates
[    6.171063] Loaded X.509 cert 'Build time autogenerated kernel key: b5b26778eaa3ab3a4a6cee031137706e947d12ad'
[    6.209926] Loaded X.509 cert 'Canonical Ltd. Live Patch Signing: 14df34d1a87cf37625abec039ef2bf521249b969'
[    6.245866] Loaded X.509 cert 'Canonical Ltd. Kernel Module Signing: 88f752e560a1e0737e31163a466ad7b70a850c19'
[    6.276900] blacklist: Loading compiled-in revocation X.509 certificates
[    6.302843] Loaded X.509 cert 'Canonical Ltd. Secure Boot Signing: 61482aa2830d0ab2ad5af10b7250da9033ddcef0'
[    6.351570] Loaded X.509 cert 'Canonical Ltd. Secure Boot Signing (2017): 242ade75ac4a15e50d50c84b0d45ff3eae707a03'
[    6.397395] Loaded X.509 cert 'Canonical Ltd. Secure Boot Signing (ESM 2018): 365188c1d374d6b07c3c8f240f8ef722433d6a8b'
[    6.436306] Loaded X.509 cert 'Canonical Ltd. Secure Boot Signing (2019): c0746fd6c5da3ae827864651ad66ae47fe24b3e8'
[    6.469538] Loaded X.509 cert 'Canonical Ltd. Secure Boot Signing (2021 v1): a8d54bbb3825cfb94fa13c9f8a594a195c107b8d'
[    6.508501] Loaded X.509 cert 'Canonical Ltd. Secure Boot Signing (2021 v2): 4cf046892d6fd3c9a5b03f98d845f90851dc6a8c'
[    6.542993] Loaded X.509 cert 'Canonical Ltd. Secure Boot Signing (2021 v3): 100437bb6de6e469b581e61cd66bce3ef4ed53af'
[    6.576971] Loaded X.509 cert 'Canonical Ltd. Secure Boot Signing (Ubuntu Core 2019): c1d57b8f6b743f23ee41f4f7ee292f06eecadfb9'
[    6.618557] zswap: loaded using pool lzo/zbud
[    6.746688] Key type big_key registered
[    6.764373] Key type trusted registered
[    6.796764] Key type encrypted registered
[    6.815020] AppArmor: AppArmor sha1 policy hashing enabled
[    6.835481] ima: No TPM chip found, activating TPM-bypass! (rc=-19)
[    6.859508] ima: Allocated hash algorithm: sha1
[    6.874370] evm: HMAC attrs: 0x1
[    6.887602]   Magic number: 4:441:57
[    6.903473] rtc_cmos rtc_cmos: setting system clock to 2024-08-08 03:05:30 UTC (1723086330)
[    6.950319] BIOS EDD facility v0.16 2004-Jun-25, 0 devices found
[    6.975486] EDD information not available.
[    7.010048] Freeing unused kernel image memory: 2480K
[    7.057314] Write protecting the kernel read-only data: 20480k
[    7.089742] Freeing unused kernel image memory: 2008K
[    7.107233] Freeing unused kernel image memory: 1820K
[    7.142921] x86/mm: Checked W+X mappings: passed, no W+X pages found.
Loading, please wait...
starting version 237
[    7.529221] e1000: Intel(R) PRO/1000 Network Driver - version 7.3.21-k8-NAPI
[    7.561227] e1000: Copyright (c) 1999-2006 Intel Corporation.
[    7.734632] Fusion MPT base driver 3.04.20
[    7.756272] Copyright (c) 1999-2008 LSI Corporation
[    7.846262] SSE version of gcm_enc/dec engaged.
[    7.878346] Fusion MPT SPI Host driver 3.04.20
[    8.241626] input: ImExPS/2 Generic Explorer Mouse as /devices/platform/i8042/serio1/input/input4
[    9.866629] e1000 0000:00:03.0 eth0: (PCI:33MHz:32-bit) 02:3b:7b:b7:3b:2d
[    9.897700] e1000 0000:00:03.0 eth0: Intel(R) PRO/1000 Network Connection
[    9.973055] mptbase: ioc0: Initiating bringup
[   10.315287] ioc0: LSI53C1030 A0: Capabilities={Initiator}
[   11.339609] scsi host2: ioc0: LSI53C1030 A0, FwRev=00000000h, Ports=1, MaxQ=256, IRQ=20
[   11.604235] scsi 2:0:0:0: Direct-Access     VBOX     HARDDISK         1.0  PQ: 0 ANSI: 5
[   11.900421] scsi target2:0:0: Beginning Domain Validation
[   11.988577] scsi target2:0:0: Domain Validation skipping write tests
[   12.016576] scsi target2:0:0: Ending Domain Validation
[   12.051222] scsi target2:0:0: asynchronous
[   12.095554] scsi 2:0:1:0: Direct-Access     VBOX     HARDDISK         1.0  PQ: 0 ANSI: 5
[   12.381872] scsi target2:0:1: Beginning Domain Validation
[   12.476940] scsi target2:0:1: Domain Validation skipping write tests
[   12.514048] scsi target2:0:1: Ending Domain Validation
[   12.549978] scsi target2:0:1: asynchronous
[   12.629514] sd 2:0:0:0: [sda] 83886080 512-byte logical blocks: (42.9 GB/40.0 GiB)
[   12.661565] sd 2:0:0:0: [sda] Write Protect is off
[   12.679067] sd 2:0:0:0: Attached scsi generic sg0 type 0
[   12.698374] sd 2:0:0:0: [sda] Incomplete mode parameter data
[   12.718081] sd 2:0:0:0: [sda] Assuming drive cache: write through
[   12.743562] sd 2:0:1:0: Attached scsi generic sg1 type 0
[   12.779374] sd 2:0:1:0: [sdb] 20480 512-byte logical blocks: (10.5 MB/10.0 MiB)
[   12.813683] sd 2:0:1:0: [sdb] Write Protect is off
[   12.818651]  sda: sda1
[   12.847229] sd 2:0:1:0: [sdb] Incomplete mode parameter data
[   12.869120] sd 2:0:1:0: [sdb] Assuming drive cache: write through
[   12.907593] sd 2:0:0:0: [sda] Attached SCSI disk
[   12.957208] sd 2:0:1:0: [sdb] Attached SCSI disk
[   13.932894] e1000 0000:00:08.0 eth1: (PCI:33MHz:32-bit) 08:00:27:07:22:d6
[   13.954148] e1000 0000:00:08.0 eth1: Intel(R) PRO/1000 Network Connection
[   13.989800] e1000 0000:00:08.0 enp0s8: renamed from eth1
[   15.822701] e1000 0000:00:03.0 enp0s3: renamed from eth0
Begin: Loading essential drivers ... [   20.801259] raid6: sse2x1   gen()  4177 MB/s
[   21.806369] raid6: sse2x1   xor() 62590 MB/s
[   22.802540] raid6: sse2x2   gen() 136506 MB/s
[   24.802409] raid6: sse2x2   xor() 77039 MB/s
[   25.810272] raid6: sse2x4   gen() 145296 MB/s
[   27.806023] raid6: sse2x4   xor() 70195 MB/s
[   27.828905] raid6: using algorithm sse2x4 gen() 145296 MB/s
[   27.867054] raid6: .... xor() 70195 MB/s, rmw enabled
[   27.899777] raid6: using ssse3x2 recovery algorithm
[   27.956682] xor: measuring software checksum speed
[   28.066500]    prefetch64-sse: 19644.000 MB/sec
[   28.191131]    generic_sse: 16715.000 MB/sec
[   28.208645] xor: using function: prefetch64-sse (19644.000 MB/sec)
[   28.240250] async_tx: api initialized (async)
done.
Begin: Running /scripts/init-premount ... done.
Begin: Mounting root file system ... Begin: Running /scripts/local-top ... done.
Begin: Running /scripts/local-premount ... [   28.604441] Btrfs loaded, crc32c=crc32c-intel
Scanning for Btrfs filesystems
done.
Warning: fsck not present, so skipping root file system
[   29.035774] EXT4-fs (sda1): INFO: recovery required on readonly filesystem
[   29.060610] EXT4-fs (sda1): write access will be enabled during recovery
[   29.339856] EXT4-fs (sda1): recovery complete
[   29.365029] EXT4-fs (sda1): mounted filesystem with ordered data mode. Opts: (null)
done.
Begin: Running /scripts/local-bottom ... done.
Begin: Running /scripts/init-bottom ... done.
[   30.637396] ip_tables: (C) 2000-2006 Netfilter Core Team
[   30.779999] systemd[1]: systemd 237 running in system mode. (+PAM +AUDIT +SELINUX +IMA +APPARMOR +SMACK +SYSVINIT +UTMP +LIBCRYPTSETUP +GCRYPT +GNUTLS +ACL +XZ +LZ4 +SECCOMP +BLKID +ELFUTILS +KMOD -IDN2 +IDN -PCRE2 default-hierarchy=hybrid)
[   30.883958] systemd[1]: Detected virtualization oracle.
[   30.905417] systemd[1]: Detected architecture x86-64.

Welcome to [1mUbuntu 18.04.6 LTS[0m!

[   31.028530] systemd[1]: Set hostname to <ubuntu-bionic>.
[   32.707145] systemd[1]: Created slice System Slice.
[[0;32m  OK  [0m] Created slice System Slice.
[   32.742741] systemd[1]: Listening on Journal Socket.
[[0;32m  OK  [0m] Listening on Journal Socket.
[   32.774153] systemd[1]: Reached target User and Group Name Lookups.
[[0;32m  OK  [0m] Reached target User and Group Name Lookups.
[   32.813655] systemd[1]: Reached target System Time Synchronized.
[[0;32m  OK  [0m] Reached target System Time Synchronized.
[   32.871374] systemd[1]: Created slice User and Session Slice.
[[0;32m  OK  [0m] Created slice User and Session Slice.
[   32.938750] systemd[1]: Listening on Network Service Netlink Socket.
[[0;32m  OK  [0m] Listening on Network Service Netlink Socket.
         Mounting Huge Pages File System...
[[0;32m  OK  [0m] Listening on Journal Socket (/dev/log).
[[0;32m  OK  [0m] Created slice system-serial\x2dgetty.slice.
[[0;32m  OK  [0m] Set up automount Arbitrary Executab…rmats File System Automount Point.
[[0;32m  OK  [0m] Reached target Slices.
[[0;32m  OK  [0m] Listening on Journal Audit Socket.
         Starting Load Kernel Modules...
         Starting Create list of required st…ce nodes for the current kernel...
[[0;32m  OK  [0m] Listening on /dev/initctl Compatibility Named Pipe.
[[0;32m  OK  [0m] Listening on Device-mapper event daemon FIFOs.
[[0;32m  OK  [0m] Listening on Syslog Socket.
         Starting Journal Service...
         Mounting Kernel Debug File System...
[[0;32m  OK  [0m] Listening on fsck to fsckd communication Socket.
         Starting File System Check on Root Device...
[[0;32m  OK  [0m] Listening on udev Control Socket.
[[0;32m  OK  [0m] Reached target Mounting snaps.
[[0;32m  OK  [0m] Reached target Mounted snaps.
         Mounting POSIX Message Queue File System...
[[0;32m  OK  [0m] Reached target Swap.
[[0;32m  OK  [0m] Listening on LVM2 metadata daemon socket.
[   33.578372] Loading iSCSI transport class v2.0-870.
         Starting Monitoring of LVM2 mirrors…ng dmeventd or progress polling...
         Starting Uncomplicated firewall...
[[0;32m  OK  [0m] Started Forward Password Requests to Wall Directory Watch.
[[0;32m  OK  [0m] Listening on udev Kernel Socket.
         Starting udev Coldplug all Devices...
         Starting Set the console keyboard layout...
[[0;32m  OK  [0m] Listening on LVM2 poll daemon socket.
[[0;32m  OK  [0m] Mounted Huge Pages File System.
[[0;32m  OK  [0m] Started Create list of required sta…vice nodes for the current kernel.
[[0;32m  OK  [0m] Mounted Kernel Debug File System.
[[0;32m  OK  [0m] Mounted POSIX Message Queue File System.
[[0;32m  OK  [0m] Started File System Check Daemon to report status.
         Starting Create Static Device Nodes in /dev...
[[0;32m  OK  [0m] Started LVM2 metadata daemon.
[[0;32m  OK  [0m] Started File System Check on Root Device.
[[0;32m  OK  [0m] Started Uncomplicated firewall.
         Starting Remount Root and Kernel File Systems...
[   34.052564] iscsi: registered transport (tcp)
[[0;32m  OK  [0m] Started udev Coldplug all Devices.
[[0;32m  OK  [0m] Started Journal Service.
[   34.286882] EXT4-fs (sda1): re-mounted. Opts: (null)
[[0;32m  OK  [0m] Started Create Static Device Nodes in /dev.
[[0;32m  OK  [0m] Started Remount Root and Kernel File Systems.
[[0;32m  OK  [0m] Started Monitoring of LVM2 mirrors,…sing dmeventd or progress polling.
         Starting Load/Save Random Seed...
         Starting Flush Journal to Persistent Storage...
[   34.581378] iscsi: registered transport (iser)
         Starting udev Kernel Device Manager...
[[0;32m  OK  [0m] Started Load Kernel Modules.
[[0;32m  OK  [0m] Started Load/Save Random Seed.
         Starting Apply Kernel Variables...
         Mounting FUSE Control File System...
         Mounting Kernel Configuration File System...
[   34.694432] systemd-journald[414]: Received request to flush runtime journal from PID 1
[[0;32m  OK  [0m] Mounted Kernel Configuration File System.
[[0;32m  OK  [0m] Mounted FUSE Control File System.
[[0;32m  OK  [0m] Started Set the console keyboard layout.
[[0;32m  OK  [0m] Reached target Local File Systems (Pre).
[[0;32m  OK  [0m] Reached target Local File Systems.
         Starting Tell Plymouth To Write Out Runtime Data...
         Starting Set console font and keymap...
         Starting ebtables ruleset management...
[   35.034968] systemd-journald[414]: File /var/log/journal/5ae53179c46a4bc8834690fb710fb7d4/system.journal corrupted or uncleanly shut down, renaming and replacing.
         Starting AppArmor initialization...
[[0;32m  OK  [0m] Started Set console font and keymap.
[[0;32m  OK  [0m] Started Tell Plymouth To Write Out Runtime Data.
[[0;32m  OK  [0m] Started Apply Kernel Variables.
[[0;32m  OK  [0m] Started Flush Journal to Persistent Storage.
         Starting Create Volatile Files and Directories...
[[0;32m  OK  [0m] Started udev Kernel Device Manager.
[[0;32m  OK  [0m] Started Dispatch Password Requests to Console Directory Watch.
[[0;32m  OK  [0m] Reached target Local Encrypted Volumes.
[[0;32m  OK  [0m] Started Create Volatile Files and Directories.
         Starting Update UTMP about System Boot/Shutdown...
[[0;32m  OK  [0m] Started Update UTMP about System Boot/Shutdown.
[[0;32m  OK  [0m] Started ebtables ruleset management.
[[0;32m  OK  [0m] Started AppArmor initialization.
         Starting Load AppArmor profiles managed internally by snapd...
         Starting Initial cloud-init job (pre-networking)...
[[0;32m  OK  [0m] Found device /dev/ttyS0.
         Mounting Arbitrary Executable File Formats File System...
[[0;32m  OK  [0m] Mounted Arbitrary Executable File Formats File System.
[[0;32m  OK  [0m] Listening on Load/Save RF Kill Switch Status /dev/rfkill Watch.
[[0;32m  OK  [0m] Started Load AppArmor profiles managed internally by snapd.
[   45.085715] cloud-init[544]: Cloud-init v. 23.1.2-0ubuntu0~18.04.1 running 'init-local' at Thu, 08 Aug 2024 03:06:07 +0000. Up 44.30 seconds.
[[0;32m  OK  [0m] Started Initial cloud-init job (pre-networking).
[[0;32m  OK  [0m] Reached target Network (Pre).
         Starting Network Service...
[[0;32m  OK  [0m] Started Network Service.
         Starting Network Name Resolution...
         Starting Wait for Network to be Configured...
[[0;32m  OK  [0m] Started Network Name Resolution.
[[0;32m  OK  [0m] Reached target Network.
[[0;32m  OK  [0m] Reached target Host and Network Name Lookups.
[[0;32m  OK  [0m] Started Wait for Network to be Configured.
         Starting Initial cloud-init job (metadata service crawler)...
[   49.238945] cloud-init[681]: Cloud-init v. 23.1.2-0ubuntu0~18.04.1 running 'init' at Thu, 08 Aug 2024 03:06:12 +0000. Up 48.70 seconds.
[   49.269233] cloud-init[681]: ci-info: ++++++++++++++++++++++++++++++++++++++Net device info+++++++++++++++++++++++++++++++++++++++
[   49.289683] cloud-init[681]: ci-info: +--------+------+-----------------------------+---------------+--------+-------------------+
[   49.310205] cloud-init[681]: ci-info: | Device |  Up  |           Address           |      Mask     | Scope  |     Hw-Address    |
[   49.330368] cloud-init[681]: ci-info: +--------+------+-----------------------------+---------------+--------+-------------------+
[   49.349541] cloud-init[681]: ci-info: | enp0s3 | True |         192.168.56.5        | 255.255.255.0 | global | 02:3b:7b:b7:3b:2d |
[   49.365895] cloud-init[681]: ci-info: | enp0s3 | True |  fe80::3b:7bff:feb7:3b2d/64 |       .       |  link  | 02:3b:7b:b7:3b:2d |
[   49.381595] cloud-init[681]: ci-info: | enp0s8 | True |         192.168.56.4        | 255.255.255.0 | global | 08:00:27:07:22:d6 |
[   49.399801] cloud-init[681]: ci-info: | enp0s8 | True | fe80::a00:27ff:fe07:22d6/64 |       .       |  link  | 08:00:27:07:22:d6 |
[   49.423693] cloud-init[681]: ci-info: |   lo   | True |          127.0.0.1          |   255.0.0.0   |  host  |         .         |
[   49.449682] cloud-init[681]: ci-info: |   lo   | True |           ::1/128           |       .       |  host  |         .         |
[   49.473622] cloud-init[681]: ci-info: +--------+------+-----------------------------+---------------+--------+-------------------+
[   49.504488] cloud-init[681]: ci-info: +++++++++++++++++++++++++++Route IPv4 info++++++++++++++++++++++++++++
[   49.527001] cloud-init[681]: ci-info: +-------+--------------+---------+---------------+-----------+-------+
[   49.545368] cloud-init[681]: ci-info: | Route | Destination  | Gateway |    Genmask    | Interface | Flags |
[   49.562978] cloud-init[681]: ci-info: +-------+--------------+---------+---------------+-----------+-------+
[   49.587977] cloud-init[681]: ci-info: |   0   | 192.168.56.0 | 0.0.0.0 | 255.255.255.0 |   enp0s8  |   U   |
[   49.622085] cloud-init[681]: ci-info: |   1   | 192.168.56.0 | 0.0.0.0 | 255.255.255.0 |   enp0s3  |   U   |
[   49.651171] cloud-init[681]: ci-info: +-------+--------------+---------+---------------+-----------+-------+
[   49.681312] cloud-init[681]: ci-info: +++++++++++++++++++Route IPv6 info+++++++++++++++++++
[   49.698472] cloud-init[681]: ci-info: +-------+-------------+---------+-----------+-------+
[   49.711829] cloud-init[681]: ci-info: | Route | Destination | Gateway | Interface | Flags |
[   49.731314] cloud-init[681]: ci-info: +-------+-------------+---------+-----------+-------+
[   49.746818] cloud-init[681]: ci-info: |   1   |  fe80::/64  |    ::   |   enp0s8  |   U   |
[   49.769407] cloud-init[681]: ci-info: |   2   |  fe80::/64  |    ::   |   enp0s3  |   U   |
[   49.793991] cloud-init[681]: ci-info: |   4   |    local    |    ::   |   enp0s3  |   U   |
[   49.819996] cloud-init[681]: ci-info: |   5   |    local    |    ::   |   enp0s8  |   U   |
[   49.848072] cloud-init[681]: ci-info: |   6   |   ff00::/8  |    ::   |   enp0s8  |   U   |
[   49.870425] cloud-init[681]: ci-info: |   7   |   ff00::/8  |    ::   |   enp0s3  |   U   |
[   49.882341] cloud-init[681]: ci-info: +-------+-------------+---------+-----------+-------+
[[0;32m  OK  [0m] Started Initial cloud-init job (metadata service crawler).
[[0;32m  OK  [0m] Reached target System Initialization.
[[0;32m  OK  [0m] Listening on ACPID Listen Socket.
[[0;32m  OK  [0m] Started ACPI Events Check.
         Starting Socket activation for snappy daemon.
         Starting LXD - unix socket.
[[0;32m  OK  [0m] Started Ubuntu Advantage Timer for running repeated jobs.
[[0;32m  OK  [0m] Listening on D-Bus System Message Bus Socket.
[[0;32m  OK  [0m] Reached target Paths.
[[0;32m  OK  [0m] Started Message of the Day.
[[0;32m  OK  [0m] Started Discard unused blocks once a week.
[[0;32m  OK  [0m] Listening on cloud-init hotplug hook socket.
[[0;32m  OK  [0m] Listening on UUID daemon activation socket.
[[0;32m  OK  [0m] Listening on Open-iSCSI iscsid Socket.
[[0;32m  OK  [0m] Started Daily apt download activities.
[[0;32m  OK  [0m] Started Daily apt upgrade and clean activities.
[[0;32m  OK  [0m] Started Daily Cleanup of Temporary Directories.
[[0;32m  OK  [0m] Reached target Timers.
[[0;32m  OK  [0m] Reached target Network is Online.
         Starting Availability of block devices...
[[0;32m  OK  [0m] Reached target Remote File Systems (Pre).
         Mounting /vagrant...
[[0;32m  OK  [0m] Reached target Cloud-config availability.
[[0;32m  OK  [0m] Listening on Socket activation for snappy daemon.
[[0;32m  OK  [0m] Listening on LXD - unix socket.
[[0;32m  OK  [0m] Started Availability of block devices.
[[0;32m  OK  [0m] Reached target Sockets.
[[0;32m  OK  [0m] Reached target Basic System.
[[0;32m  OK  [0m] Started FUSE filesystem for LXC.
[[0;32m  OK  [0m] Reached target Login Prompts (Pre).
         Starting System Logging Service...
[[0;32m  OK  [0m] Started Deferred execution scheduler.
         Starting LSB: Record successful boot for GRUB...
[[0;32m  OK  [0m] Started irqbalance daemon.
         Starting Dispatcher daemon for systemd-networkd...
[[0;32m  OK  [0m] Started D-Bus System Message Bus.
         Starting Login Service...
         Starting Accounts Service...
         Starting Virtualbox guest utils...
         Starting OpenBSD Secure Shell server...
         Starting LXD - container startup/shutdown...
[[0;32m  OK  [0m] Started Regular background program processing daemon.
         Starting Snap Daemon...
[[0;32m  OK  [0m] Started System Logging Service.
[[0;32m  OK  [0m] Mounted /vagrant.
[[0;32m  OK  [0m] Started OpenBSD Secure Shell server.
[[0;32m  OK  [0m] Started Login Service.
[[0;32m  OK  [0m] Started Unattended Upgrades Shutdown.
         Starting Authorization Manager...
[[0;32m  OK  [0m] Reached target Remote File Systems.
         Starting Permit User Sessions...
         Starting LSB: automatic crash report generation...
[[0;32m  OK  [0m] Started Permit User Sessions.
         Starting Terminate Plymouth Boot Screen...
         Starting Hold until boot process finishes up...
[[0;32m  OK  [0m] Started Terminate Plymouth Boot Screen.
[[0;32m  OK  [0m] Started Hold until boot process finishes up.
[[0;32m  OK  [0m] Started Serial Getty on ttyS0.
         Starting Set console scheme...
[[0;32m  OK  [0m] Started LSB: Record successful boot for GRUB.
[[0;32m  OK  [0m] Started Authorization Manager.
[[0;32m  OK  [0m] Started Accounts Service.
[[0;32m  OK  [0m] Started Set console scheme.
[[0;32m  OK  [0m] Created slice system-getty.slice.
[[0;32m  OK  [0m] Started Getty on tty1.
[[0;32m  OK  [0m] Reached target Login Prompts.
[[0;32m  OK  [0m] Started LSB: automatic crash report generation.
[[0;32m  OK  [0m] Started Dispatcher daemon for systemd-networkd.
[[0;32m  OK  [0m] Started LXD - container startup/shutdown.
[[0;32m  OK  [0m] Started Virtualbox guest utils.
[[0;32m  OK  [0m] Started Snap Daemon.
         Starting Wait until snapd is fully seeded...
         Starting Time & Date Service...
[[0;32m  OK  [0m] Started Time & Date Service.
[[0;32m  OK  [0m] Started Wait until snapd is fully seeded.
         Starting Apply the settings specified in cloud-config...

Ubuntu 18.04.6 LTS ubuntu-bionic ttyS0

ubuntu-bionic login: [   60.263551] cloud-init[1017]: Cloud-init v. 23.1.2-0ubuntu0~18.04.1 running 'modules:config' at Thu, 08 Aug 2024 03:06:23 +0000. Up 59.69 seconds.
[   62.629428] cloud-init[1062]: Cloud-init v. 23.1.2-0ubuntu0~18.04.1 running 'modules:final' at Thu, 08 Aug 2024 03:06:25 +0000. Up 62.12 seconds.
[   62.629743] cloud-init[1062]: Cloud-init v. 23.1.2-0ubuntu0~18.04.1 finished at Thu, 08 Aug 2024 03:06:26 +0000. Datasource DataSourceNoCloud [seed=/dev/sdb][dsmode=net].  Up 62.60 seconds
